<?xml version="1.0" encoding="UTF-8"?>
<!-- Generated by org.testng.reporters.JUnitReportReporter -->
<testsuite skipped="0" hostname="Nadiruzzamans-MacBook-Pro.local" name="loginTest.ValidLoginTest" tests="1" failures="0" timestamp="2021-06-26T10:32:21 EDT" time="1.844" errors="0">
  <testcase name="verifySignInButtonClickable" time="1.844" classname="loginTest.ValidLoginTest"/>
  <system-out>
<a href='/Users/nadiruzzamanmuhammad/Documents/seleniumStepbySetp/src/main/java/success_screenshots/verifySignInButtonClickable_26_06_2021_10_31_58.png'> <image src='/Users/nadiruzzamanmuhammad/Documents/seleniumStepbySetp/src/main/java/success_screenshots/verifySignInButtonClickable_26_06_2021_10_31_58.png' height='100' width='100'/> </a>  </system-out>
</testsuite> <!-- loginTest.ValidLoginTest -->
